<?xml version="1.0" encoding="UTF-8"?>
<!-- Generated by org.testng.reporters.JUnitXMLReporter -->
<testsuite ignored="0" hostname="MSI" failures="0" tests="4" name="Default test" time="48.299" errors="0" timestamp="2024-07-15T13:15:16 IST">
  <testcase classname="testNGExample.DDT_NOPTest" name="VerifyAppWithUserCred" time="7.41"/>
  <testcase classname="testNGExample.DDT_NOPTest" name="VerifyAppWithUserCred" time="6.87"/>
  <testcase classname="testNGExample.DDT_NOPTest" name="VerifyAppWithUserCred" time="6.833"/>
  <testcase classname="testNGExample.DDT_NOPTest" name="VerifyAppWithUserCred" time="6.893"/>
</testsuite> <!-- Default test -->
