<?xml version="1.0" encoding="UTF-8"?>
<!-- Generated by org.testng.reporters.JUnitXMLReporter -->
<testsuite ignored="0" hostname="MSI" failures="0" tests="3" name="Test1" time="0.071" errors="0" timestamp="2024-07-15T11:49:18 IST">
  <testcase classname="testNGExample.TestNgAnnotationExample" name="verifyLogin" time="0.009"/>
  <testcase classname="testNGExample.TestNgAnnotationExample" name="verifyLogout" time="0.002"/>
  <testcase classname="testNGExample.TestNgAnnotationExample" name="verifypayment" time="0.002"/>
</testsuite> <!-- Test1 -->
