<?xml version="1.0" encoding="UTF-8"?>
<testng-results ignored="0" total="1" passed="1" failed="0" skipped="0">
  <reporter-output>
  </reporter-output>
  <suite started-at="2024-07-26T13:02:27 IST" name="Suite" finished-at="2024-07-26T13:02:52 IST" duration-ms="25503">
    <groups>
    </groups>
    <test started-at="2024-07-26T13:02:27 IST" name="Test" finished-at="2024-07-26T13:02:52 IST" duration-ms="25503">
      <class name="tests.LoginTest">
        <test-method is-config="true" signature="launchApp()[pri:0, instance:tests.LoginTest@47d9a273]" started-at="2024-07-26T13:02:27 IST" name="launchApp" finished-at="2024-07-26T13:02:36 IST" duration-ms="9183" status="PASS">
          <reporter-output>
          </reporter-output>
        </test-method> <!-- launchApp -->
        <test-method signature="verifyLoginFeature()[pri:0, instance:tests.LoginTest@47d9a273]" started-at="2024-07-26T13:02:36 IST" name="verifyLoginFeature" finished-at="2024-07-26T13:02:45 IST" duration-ms="8625" status="PASS">
          <reporter-output>
          </reporter-output>
        </test-method> <!-- verifyLoginFeature -->
        <test-method is-config="true" signature="closeApp()[pri:0, instance:tests.LoginTest@47d9a273]" started-at="2024-07-26T13:02:45 IST" name="closeApp" finished-at="2024-07-26T13:02:52 IST" duration-ms="7630" status="PASS">
          <reporter-output>
          </reporter-output>
        </test-method> <!-- closeApp -->
      </class> <!-- tests.LoginTest -->
    </test> <!-- Test -->
  </suite> <!-- Suite -->
</testng-results>
